<?xml version="1.0" encoding="UTF-8"?>
<!-- Generated by org.testng.reporters.JUnitReportReporter -->
<testsuite skipped="0" hostname="DESKTOP-6AKBNI5" name="tngpac.tngbrowser" tests="3" failures="0" timestamp="07 Dec 2018 16:28:56 GMT" time="0.031" errors="0">
  <testcase name="googleLogoTest" time="0.017" classname="tngpac.tngbrowser"/>
  <testcase name="googleTitleTest" time="0.004" classname="tngpac.tngbrowser"/>
  <testcase name="searchTest" time="0.010" classname="tngpac.tngbrowser"/>
</testsuite> <!-- tngpac.tngbrowser -->
