<?xml version="1.0" encoding="UTF-8"?>
<!-- Generated by org.testng.reporters.JUnitReportReporter -->
<testsuite skipped="0" hostname="DESKTOP-6AKBNI5" name="tngpac.GoogleTest" tests="1" failures="0" timestamp="03 Dec 2018 05:51:08 GMT" time="5.871" errors="0">
  <testcase name="googleTitleTest" time="5.871" classname="tngpac.GoogleTest"/>
</testsuite> <!-- tngpac.GoogleTest -->
