<?xml version="1.0" encoding="UTF-8"?>
<!-- Generated by org.testng.reporters.JUnitReportReporter -->
<testsuite skipped="1" hostname="DESKTOP-6AKBNI5" name="tngpac.Me1" tests="7" failures="0" timestamp="07 Dec 2018 16:43:47 GMT" time="0.029" errors="0">
  <testcase name="b" time="0.004" classname="tngpac.Me1"/>
  <testcase name="a" time="0.017" classname="tngpac.Me1"/>
  <testcase name="bbb" time="0.001" classname="tngpac.Me1"/>
  <testcase name="bb" time="0.003" classname="tngpac.Me1"/>
  <testcase name="aa" time="0.002" classname="tngpac.Me1"/>
  <testcase name="aaa" time="0.002" classname="tngpac.Me1"/>
  <testcase name="e" classname="tngpac.Me1">
    <skipped/>
  </testcase> <!-- e -->
</testsuite> <!-- tngpac.Me1 -->
